0 info it worked if it ends with ok
1 verbose cli [ 'E:\\nodejs\\\\node.exe',
1 verbose cli   'E:\\nodejs\\node_modules\\npm\\bin\\npm-cli.js',
1 verbose cli   'install',
1 verbose cli   'bcrypt',
1 verbose cli   '--save' ]
2 info using npm@2.11.3
3 info using node@v0.12.7
4 verbose install initial load of F:\workspaceforweb\node\moviePro\package.json
5 verbose installManyTop reading scoped package data from F:\workspaceforweb\node\moviePro\node_modules\body-parser\package.json
6 verbose installManyTop reading scoped package data from F:\workspaceforweb\node\moviePro\node_modules\express\package.json
7 verbose installManyTop reading scoped package data from F:\workspaceforweb\node\moviePro\node_modules\grunt\package.json
8 verbose installManyTop reading scoped package data from F:\workspaceforweb\node\moviePro\node_modules\grunt-cli\package.json
9 verbose installManyTop reading scoped package data from F:\workspaceforweb\node\moviePro\node_modules\grunt-concurrent\package.json
10 verbose installManyTop reading scoped package data from F:\workspaceforweb\node\moviePro\node_modules\grunt-contrib-watch\package.json
11 verbose installManyTop reading scoped package data from F:\workspaceforweb\node\moviePro\node_modules\grunt-nodemon\package.json
12 verbose installManyTop reading scoped package data from F:\workspaceforweb\node\moviePro\node_modules\jade\package.json
13 verbose installManyTop reading scoped package data from F:\workspaceforweb\node\moviePro\node_modules\moment\package.json
14 verbose installManyTop reading scoped package data from F:\workspaceforweb\node\moviePro\node_modules\mongoose\package.json
15 verbose installManyTop reading scoped package data from F:\workspaceforweb\node\moviePro\node_modules\underscore\package.json
16 info package.json grunt@0.4.5 No license field.
17 info package.json grunt-cli@0.1.13 No license field.
18 info package.json grunt-contrib-watch@0.6.1 No license field.
19 verbose readDependencies loading dependencies from F:\workspaceforweb\node\moviePro\package.json
20 silly cache add args [ 'bcrypt', null ]
21 verbose cache add spec bcrypt
22 silly cache add parsed spec { raw: 'bcrypt',
22 silly cache add   scope: null,
22 silly cache add   name: 'bcrypt',
22 silly cache add   rawSpec: '',
22 silly cache add   spec: '*',
22 silly cache add   type: 'range' }
23 silly addNamed bcrypt@*
24 verbose addNamed "*" is a valid semver range for bcrypt
25 silly addNameRange { name: 'bcrypt', range: '*', hasData: false }
26 silly mapToRegistry name bcrypt
27 silly mapToRegistry using default registry
28 silly mapToRegistry registry http://registry.cnpmjs.org/
29 silly mapToRegistry uri http://registry.cnpmjs.org/bcrypt
30 verbose addNameRange registry:http://registry.cnpmjs.org/bcrypt not in flight; fetching
31 verbose request uri http://registry.cnpmjs.org/bcrypt
32 verbose request no auth needed
33 info attempt registry request try #1 at 14:20:19
34 verbose request id c545eac63981ca99
35 http request GET http://registry.cnpmjs.org/bcrypt
36 http 200 http://registry.cnpmjs.org/bcrypt
37 silly get cb [ 200,
37 silly get   { server: 'nginx/1.4.6 (Ubuntu)',
37 silly get     date: 'Sat, 01 Aug 2015 06:20:13 GMT',
37 silly get     'content-type': 'application/json; charset=utf-8',
37 silly get     'transfer-encoding': 'chunked',
37 silly get     connection: 'keep-alive',
37 silly get     'x-readtime': '27',
37 silly get     'content-encoding': 'gzip' } ]
38 verbose get saving bcrypt to C:\Users\iibm\AppData\Roaming\npm-cache\registry.cnpmjs.org\bcrypt\.cache.json
39 silly addNameRange number 2 { name: 'bcrypt', range: '*', hasData: true }
40 silly addNameRange versions [ 'bcrypt',
40 silly addNameRange   [ '0.8.4',
40 silly addNameRange     '0.8.3',
40 silly addNameRange     '0.8.2',
40 silly addNameRange     '0.8.1',
40 silly addNameRange     '0.8.0',
40 silly addNameRange     '0.7.8',
40 silly addNameRange     '0.7.7',
40 silly addNameRange     '0.7.6',
40 silly addNameRange     '0.7.5',
40 silly addNameRange     '0.7.4',
40 silly addNameRange     '0.7.3',
40 silly addNameRange     '0.7.2',
40 silly addNameRange     '0.7.1',
40 silly addNameRange     '0.7.0',
40 silly addNameRange     '0.6.0',
40 silly addNameRange     '0.5.0',
40 silly addNameRange     '0.4.1',
40 silly addNameRange     '0.4.0',
40 silly addNameRange     '0.3.2',
40 silly addNameRange     '0.3.1',
40 silly addNameRange     '0.3.0',
40 silly addNameRange     '0.2.4',
40 silly addNameRange     '0.2.3',
40 silly addNameRange     '0.2.2',
40 silly addNameRange     '0.1.3',
40 silly addNameRange     '0.2.1',
40 silly addNameRange     '0.2.0',
40 silly addNameRange     '0.1.2' ] ]
41 silly addNamed bcrypt@0.8.4
42 verbose addNamed "0.8.4" is a plain semver version for bcrypt
43 silly cache afterAdd bcrypt@0.8.4
44 verbose afterAdd C:\Users\iibm\AppData\Roaming\npm-cache\bcrypt\0.8.4\package\package.json not in flight; writing
45 verbose afterAdd C:\Users\iibm\AppData\Roaming\npm-cache\bcrypt\0.8.4\package\package.json written
46 silly install resolved [ { name: 'bcrypt',
46 silly install resolved     description: 'A bcrypt library for NodeJS.',
46 silly install resolved     keywords:
46 silly install resolved      [ 'bcrypt',
46 silly install resolved        'password',
46 silly install resolved        'auth',
46 silly install resolved        'authentication',
46 silly install resolved        'encryption',
46 silly install resolved        'crypt',
46 silly install resolved        'crypto' ],
46 silly install resolved     main: './bcrypt',
46 silly install resolved     version: '0.8.4',
46 silly install resolved     author: { name: 'Nick Campbell', url: 'https://github.com/ncb000gt' },
46 silly install resolved     engines: { node: '>= 0.6.0' },
46 silly install resolved     repository:
46 silly install resolved      { type: 'git',
46 silly install resolved        url: 'git+https://github.com/ncb000gt/node.bcrypt.js.git' },
46 silly install resolved     license: 'MIT',
46 silly install resolved     bugs: { url: 'https://github.com/ncb000gt/node.bcrypt.js/issues' },
46 silly install resolved     scripts:
46 silly install resolved      { test: 'node-gyp configure build && nodeunit test',
46 silly install resolved        install: 'node-gyp rebuild' },
46 silly install resolved     dependencies: { bindings: '1.2.1', nan: '1.8.4' },
46 silly install resolved     devDependencies: { nodeunit: '~0.9.1' },
46 silly install resolved     contributors:
46 silly install resolved      [ [Object],
46 silly install resolved        [Object],
46 silly install resolved        [Object],
46 silly install resolved        [Object],
46 silly install resolved        [Object],
46 silly install resolved        [Object],
46 silly install resolved        [Object],
46 silly install resolved        [Object],
46 silly install resolved        [Object],
46 silly install resolved        [Object],
46 silly install resolved        [Object],
46 silly install resolved        [Object],
46 silly install resolved        [Object],
46 silly install resolved        [Object] ],
46 silly install resolved     gypfile: true,
46 silly install resolved     gitHead: '5ca168581369b2d75823b3000803d8edf94ae459',
46 silly install resolved     homepage: 'https://github.com/ncb000gt/node.bcrypt.js#readme',
46 silly install resolved     _id: 'bcrypt@0.8.4',
46 silly install resolved     _shasum: 'fabad077c91c484591a4a34778317ef56478126f',
46 silly install resolved     _from: 'bcrypt@*',
46 silly install resolved     _npmVersion: '2.11.1',
46 silly install resolved     _nodeVersion: '0.10.38',
46 silly install resolved     _npmUser: { name: 'defunctzombie', email: 'shtylman@gmail.com' },
46 silly install resolved     dist:
46 silly install resolved      { shasum: 'fabad077c91c484591a4a34778317ef56478126f',
46 silly install resolved        size: 24778,
46 silly install resolved        noattachment: false,
46 silly install resolved        tarball: 'http://registry.cnpmjs.org/bcrypt/download/bcrypt-0.8.4.tgz' },
46 silly install resolved     maintainers: [ [Object], [Object], [Object], [Object] ],
46 silly install resolved     directories: {},
46 silly install resolved     publish_time: 1437756505677,
46 silly install resolved     _cnpm_publish_time: 1437756505677,
46 silly install resolved     _resolved: 'http://registry.cnpmjs.org/bcrypt/download/bcrypt-0.8.4.tgz',
46 silly install resolved     readme: 'ERROR: No README data found!' } ]
47 info install bcrypt@0.8.4 into F:\workspaceforweb\node\moviePro
48 info installOne bcrypt@0.8.4
49 verbose installOne of bcrypt to F:\workspaceforweb\node\moviePro not in flight; installing
50 verbose lock using C:\Users\iibm\AppData\Roaming\npm-cache\_locks\bcrypt-85ebcdfe54fe84a2.lock for F:\workspaceforweb\node\moviePro\node_modules\bcrypt
51 silly install write writing bcrypt 0.8.4 to F:\workspaceforweb\node\moviePro\node_modules\bcrypt
52 verbose unbuild node_modules\bcrypt
53 silly gentlyRm F:\workspaceforweb\node\moviePro\node_modules\bcrypt is being purged from base F:\workspaceforweb\node\moviePro
54 verbose gentlyRm don't care about contents; nuking F:\workspaceforweb\node\moviePro\node_modules\bcrypt
55 verbose tar unpack C:\Users\iibm\AppData\Roaming\npm-cache\bcrypt\0.8.4\package.tgz
56 verbose tar unpacking to F:\workspaceforweb\node\moviePro\node_modules\bcrypt
57 silly gentlyRm F:\workspaceforweb\node\moviePro\node_modules\bcrypt is being purged
58 verbose gentlyRm don't care about contents; nuking F:\workspaceforweb\node\moviePro\node_modules\bcrypt
59 silly gunzTarPerm modes [ '777', '666' ]
60 silly gunzTarPerm extractEntry package.json
61 silly gunzTarPerm modified mode [ 'package.json', 420, 438 ]
62 silly gunzTarPerm extractEntry .npmignore
63 silly gunzTarPerm modified mode [ '.npmignore', 420, 438 ]
64 silly gunzTarPerm extractEntry README.md
65 silly gunzTarPerm modified mode [ 'README.md', 420, 438 ]
66 silly gunzTarPerm extractEntry LICENSE
67 silly gunzTarPerm modified mode [ 'LICENSE', 420, 438 ]
68 silly gunzTarPerm extractEntry bcrypt.js
69 silly gunzTarPerm modified mode [ 'bcrypt.js', 420, 438 ]
70 silly gunzTarPerm extractEntry binding.gyp
71 silly gunzTarPerm modified mode [ 'binding.gyp', 420, 438 ]
72 silly gunzTarPerm extractEntry .travis.yml
73 silly gunzTarPerm modified mode [ '.travis.yml', 420, 438 ]
74 silly gunzTarPerm extractEntry CHANGELOG.md
75 silly gunzTarPerm modified mode [ 'CHANGELOG.md', 420, 438 ]
76 silly gunzTarPerm extractEntry examples/async_compare.js
77 silly gunzTarPerm modified mode [ 'examples/async_compare.js', 420, 438 ]
78 silly gunzTarPerm extractEntry examples/forever_gen_salt.js
79 silly gunzTarPerm modified mode [ 'examples/forever_gen_salt.js', 420, 438 ]
80 silly gunzTarPerm extractEntry test/async.js
81 silly gunzTarPerm modified mode [ 'test/async.js', 420, 438 ]
82 silly gunzTarPerm extractEntry test/repetitions.js
83 silly gunzTarPerm modified mode [ 'test/repetitions.js', 420, 438 ]
84 silly gunzTarPerm extractEntry test/sync.js
85 silly gunzTarPerm modified mode [ 'test/sync.js', 420, 438 ]
86 silly gunzTarPerm extractEntry Makefile
87 silly gunzTarPerm modified mode [ 'Makefile', 420, 438 ]
88 silly gunzTarPerm extractEntry src/bcrypt.cc
89 silly gunzTarPerm modified mode [ 'src/bcrypt.cc', 420, 438 ]
90 silly gunzTarPerm extractEntry src/bcrypt_node.cc
91 silly gunzTarPerm modified mode [ 'src/bcrypt_node.cc', 420, 438 ]
92 silly gunzTarPerm extractEntry src/blowfish.cc
93 silly gunzTarPerm modified mode [ 'src/blowfish.cc', 420, 438 ]
94 silly gunzTarPerm extractEntry src/node_blf.h
95 silly gunzTarPerm modified mode [ 'src/node_blf.h', 420, 438 ]
96 silly gunzTarPerm extractEntry werker.yml
97 silly gunzTarPerm modified mode [ 'werker.yml', 420, 438 ]
98 verbose write writing to F:\workspaceforweb\node\moviePro\node_modules\bcrypt\package.json
99 info preinstall bcrypt@0.8.4
100 verbose readDependencies loading dependencies from F:\workspaceforweb\node\moviePro\node_modules\bcrypt\package.json
101 silly prepareForInstallMany adding bindings@1.2.1 from bcrypt dependencies
102 silly prepareForInstallMany adding nan@1.8.4 from bcrypt dependencies
103 verbose readDependencies loading dependencies from F:\workspaceforweb\node\moviePro\node_modules\bcrypt\package.json
104 silly cache add args [ 'bindings@1.2.1', null ]
105 verbose cache add spec bindings@1.2.1
106 silly cache add args [ 'nan@1.8.4', null ]
107 verbose cache add spec nan@1.8.4
108 silly cache add parsed spec { raw: 'bindings@1.2.1',
108 silly cache add   scope: null,
108 silly cache add   name: 'bindings',
108 silly cache add   rawSpec: '1.2.1',
108 silly cache add   spec: '1.2.1',
108 silly cache add   type: 'version' }
109 silly addNamed bindings@1.2.1
110 verbose addNamed "1.2.1" is a plain semver version for bindings
111 silly mapToRegistry name bindings
112 silly mapToRegistry using default registry
113 silly mapToRegistry registry http://registry.cnpmjs.org/
114 silly mapToRegistry uri http://registry.cnpmjs.org/bindings
115 verbose addNameVersion registry:http://registry.cnpmjs.org/bindings not in flight; fetching
116 silly cache add parsed spec { raw: 'nan@1.8.4',
116 silly cache add   scope: null,
116 silly cache add   name: 'nan',
116 silly cache add   rawSpec: '1.8.4',
116 silly cache add   spec: '1.8.4',
116 silly cache add   type: 'version' }
117 silly addNamed nan@1.8.4
118 verbose addNamed "1.8.4" is a plain semver version for nan
119 silly mapToRegistry name nan
120 silly mapToRegistry using default registry
121 silly mapToRegistry registry http://registry.cnpmjs.org/
122 silly mapToRegistry uri http://registry.cnpmjs.org/nan
123 verbose addNameVersion registry:http://registry.cnpmjs.org/nan not in flight; fetching
124 verbose request uri http://registry.cnpmjs.org/nan
125 verbose request no auth needed
126 info attempt registry request try #1 at 14:20:19
127 http request GET http://registry.cnpmjs.org/nan
128 verbose request uri http://registry.cnpmjs.org/bindings
129 verbose request no auth needed
130 info attempt registry request try #1 at 14:20:19
131 http request GET http://registry.cnpmjs.org/bindings
132 http 200 http://registry.cnpmjs.org/nan
133 silly get cb [ 200,
133 silly get   { server: 'nginx/1.4.6 (Ubuntu)',
133 silly get     date: 'Sat, 01 Aug 2015 06:20:14 GMT',
133 silly get     'content-type': 'application/json; charset=utf-8',
133 silly get     'transfer-encoding': 'chunked',
133 silly get     connection: 'keep-alive',
133 silly get     'x-readtime': '64',
133 silly get     'content-encoding': 'gzip' } ]
134 verbose get saving nan to C:\Users\iibm\AppData\Roaming\npm-cache\registry.cnpmjs.org\nan\.cache.json
135 silly mapToRegistry name nan
136 silly mapToRegistry using default registry
137 silly mapToRegistry registry http://registry.cnpmjs.org/
138 silly mapToRegistry uri http://registry.cnpmjs.org/nan
139 verbose addRemoteTarball http://registry.cnpmjs.org/nan/download/nan-1.8.4.tgz not in flight; adding
140 verbose addRemoteTarball [ 'http://registry.cnpmjs.org/nan/download/nan-1.8.4.tgz',
140 verbose addRemoteTarball   '3c76b5382eab33e44b758d2813ca9d92e9342f34' ]
141 info retry fetch attempt 1 at 14:20:20
142 info attempt registry request try #1 at 14:20:20
143 http fetch GET http://registry.cnpmjs.org/nan/download/nan-1.8.4.tgz
144 http 200 http://registry.cnpmjs.org/bindings
145 silly get cb [ 200,
145 silly get   { server: 'nginx/1.4.6 (Ubuntu)',
145 silly get     date: 'Sat, 01 Aug 2015 06:20:14 GMT',
145 silly get     'content-type': 'application/json; charset=utf-8',
145 silly get     'transfer-encoding': 'chunked',
145 silly get     connection: 'keep-alive',
145 silly get     'x-readtime': '13',
145 silly get     'content-encoding': 'gzip' } ]
146 verbose get saving bindings to C:\Users\iibm\AppData\Roaming\npm-cache\registry.cnpmjs.org\bindings\.cache.json
147 silly mapToRegistry name bindings
148 silly mapToRegistry using default registry
149 silly mapToRegistry registry http://registry.cnpmjs.org/
150 silly mapToRegistry uri http://registry.cnpmjs.org/bindings
151 verbose addRemoteTarball http://registry.cnpmjs.org/bindings/download/bindings-1.2.1.tgz not in flight; adding
152 verbose addRemoteTarball [ 'http://registry.cnpmjs.org/bindings/download/bindings-1.2.1.tgz',
152 verbose addRemoteTarball   '14ad6113812d2d37d72e67b4cacb4bb726505f11' ]
153 info retry fetch attempt 1 at 14:20:20
154 info attempt registry request try #1 at 14:20:20
155 http fetch GET http://registry.cnpmjs.org/bindings/download/bindings-1.2.1.tgz
156 http fetch 200 http://registry.cnpmjs.org/nan/download/nan-1.8.4.tgz
157 silly fetchAndShaCheck shasum 3c76b5382eab33e44b758d2813ca9d92e9342f34
158 verbose addTmpTarball C:\Users\iibm\AppData\Local\Temp\npm-105056-8e49c2bc\registry.cnpmjs.org\nan\download\nan-1.8.4.tgz not in flight; adding
159 verbose addTmpTarball already have metadata; skipping unpack for nan@1.8.4
160 silly cache afterAdd nan@1.8.4
161 verbose afterAdd C:\Users\iibm\AppData\Roaming\npm-cache\nan\1.8.4\package\package.json not in flight; writing
162 verbose afterAdd C:\Users\iibm\AppData\Roaming\npm-cache\nan\1.8.4\package\package.json written
163 http fetch 200 http://registry.cnpmjs.org/bindings/download/bindings-1.2.1.tgz
164 silly fetchAndShaCheck shasum 14ad6113812d2d37d72e67b4cacb4bb726505f11
165 verbose addTmpTarball C:\Users\iibm\AppData\Local\Temp\npm-105056-8e49c2bc\registry.cnpmjs.org\bindings\download\bindings-1.2.1.tgz not in flight; adding
166 verbose addTmpTarball already have metadata; skipping unpack for bindings@1.2.1
167 silly cache afterAdd bindings@1.2.1
168 verbose afterAdd C:\Users\iibm\AppData\Roaming\npm-cache\bindings\1.2.1\package\package.json not in flight; writing
169 verbose afterAdd C:\Users\iibm\AppData\Roaming\npm-cache\bindings\1.2.1\package\package.json written
170 silly install resolved [ { name: 'nan',
170 silly install resolved     version: '1.8.4',
170 silly install resolved     description: 'Native Abstractions for Node.js: C++ header for Node 0.8->0.12 compatibility',
170 silly install resolved     main: 'include_dirs.js',
170 silly install resolved     repository: { type: 'git', url: 'git://github.com/iojs/nan.git' },
170 silly install resolved     scripts:
170 silly install resolved      { test: 'tap --gc test/js/*-test.js',
170 silly install resolved        'rebuild-tests': 'pangyp rebuild --directory test' },
170 silly install resolved     contributors:
170 silly install resolved      [ [Object],
170 silly install resolved        [Object],
170 silly install resolved        [Object],
170 silly install resolved        [Object],
170 silly install resolved        [Object],
170 silly install resolved        [Object],
170 silly install resolved        [Object] ],
170 silly install resolved     devDependencies:
170 silly install resolved      { bindings: '~1.2.1',
170 silly install resolved        'node-gyp': '~1.0.2',
170 silly install resolved        pangyp: '~2.0.1',
170 silly install resolved        tap: '~0.7.1',
170 silly install resolved        xtend: '~4.0.0' },
170 silly install resolved     license: 'MIT',
170 silly install resolved     gitHead: 'ed3bbf4ced0cf7937b4e4164766797f71aa97f3d',
170 silly install resolved     bugs: { url: 'https://github.com/iojs/nan/issues' },
170 silly install resolved     homepage: 'https://github.com/iojs/nan#readme',
170 silly install resolved     _id: 'nan@1.8.4',
170 silly install resolved     _shasum: '3c76b5382eab33e44b758d2813ca9d92e9342f34',
170 silly install resolved     _from: 'nan@1.8.4',
170 silly install resolved     _npmVersion: '2.8.3',
170 silly install resolved     _nodeVersion: '0.12.2',
170 silly install resolved     _npmUser: { name: 'kkoopa', email: 'bbyholm@abo.fi' },
170 silly install resolved     maintainers: [ [Object], [Object] ],
170 silly install resolved     dist:
170 silly install resolved      { shasum: '3c76b5382eab33e44b758d2813ca9d92e9342f34',
170 silly install resolved        size: 37152,
170 silly install resolved        noattachment: false,
170 silly install resolved        tarball: 'http://registry.cnpmjs.org/nan/download/nan-1.8.4.tgz' },
170 silly install resolved     directories: {},
170 silly install resolved     publish_time: 1430058759821,
170 silly install resolved     _cnpm_publish_time: 1430058759821,
170 silly install resolved     _resolved: 'http://registry.cnpmjs.org/nan/download/nan-1.8.4.tgz' },
170 silly install resolved   { name: 'bindings',
170 silly install resolved     description: 'Helper module for loading your native module\'s .node file',
170 silly install resolved     keywords: [ 'native', 'addon', 'bindings', 'gyp', 'waf', 'c', 'c++' ],
170 silly install resolved     version: '1.2.1',
170 silly install resolved     author:
170 silly install resolved      { name: 'Nathan Rajlich',
170 silly install resolved        email: 'nathan@tootallnate.net',
170 silly install resolved        url: 'http://tootallnate.net' },
170 silly install resolved     repository:
170 silly install resolved      { type: 'git',
170 silly install resolved        url: 'git://github.com/TooTallNate/node-bindings.git' },
170 silly install resolved     main: './bindings.js',
170 silly install resolved     bugs: { url: 'https://github.com/TooTallNate/node-bindings/issues' },
170 silly install resolved     homepage: 'https://github.com/TooTallNate/node-bindings',
170 silly install resolved     license: 'MIT',
170 silly install resolved     gitHead: 'e404152ee27f8478ccbc7122ee051246e8e5ec02',
170 silly install resolved     _id: 'bindings@1.2.1',
170 silly install resolved     scripts: {},
170 silly install resolved     _shasum: '14ad6113812d2d37d72e67b4cacb4bb726505f11',
170 silly install resolved     _from: 'bindings@1.2.1',
170 silly install resolved     _npmVersion: '1.4.14',
170 silly install resolved     _npmUser: { name: 'tootallnate', email: 'nathan@tootallnate.net' },
170 silly install resolved     maintainers: [ [Object] ],
170 silly install resolved     dist:
170 silly install resolved      { shasum: '14ad6113812d2d37d72e67b4cacb4bb726505f11',
170 silly install resolved        size: 3625,
170 silly install resolved        noattachment: false,
170 silly install resolved        tarball: 'http://registry.cnpmjs.org/bindings/download/bindings-1.2.1.tgz' },
170 silly install resolved     directories: {},
170 silly install resolved     publish_time: 1403979205303,
170 silly install resolved     _cnpm_publish_time: 1403979205303,
170 silly install resolved     _resolved: 'http://registry.cnpmjs.org/bindings/download/bindings-1.2.1.tgz' } ]
171 info install nan@1.8.4 into F:\workspaceforweb\node\moviePro\node_modules\bcrypt
172 info install bindings@1.2.1 into F:\workspaceforweb\node\moviePro\node_modules\bcrypt
173 info installOne nan@1.8.4
174 verbose installOne of nan to F:\workspaceforweb\node\moviePro\node_modules\bcrypt not in flight; installing
175 info installOne bindings@1.2.1
176 verbose installOne of bindings to F:\workspaceforweb\node\moviePro\node_modules\bcrypt not in flight; installing
177 verbose lock using C:\Users\iibm\AppData\Roaming\npm-cache\_locks\bindings-4833ef3b99de0683.lock for F:\workspaceforweb\node\moviePro\node_modules\bcrypt\node_modules\bindings
178 verbose lock using C:\Users\iibm\AppData\Roaming\npm-cache\_locks\nan-c0b824f3997e4b6a.lock for F:\workspaceforweb\node\moviePro\node_modules\bcrypt\node_modules\nan
179 silly install write writing bindings 1.2.1 to F:\workspaceforweb\node\moviePro\node_modules\bcrypt\node_modules\bindings
180 silly install write writing nan 1.8.4 to F:\workspaceforweb\node\moviePro\node_modules\bcrypt\node_modules\nan
181 verbose unbuild node_modules\bcrypt\node_modules\bindings
182 verbose unbuild node_modules\bcrypt\node_modules\nan
183 silly gentlyRm F:\workspaceforweb\node\moviePro\node_modules\bcrypt\node_modules\bindings is being purged from base F:\workspaceforweb\node\moviePro
184 verbose gentlyRm don't care about contents; nuking F:\workspaceforweb\node\moviePro\node_modules\bcrypt\node_modules\bindings
185 verbose tar unpack C:\Users\iibm\AppData\Roaming\npm-cache\bindings\1.2.1\package.tgz
186 verbose tar unpacking to F:\workspaceforweb\node\moviePro\node_modules\bcrypt\node_modules\bindings
187 silly gentlyRm F:\workspaceforweb\node\moviePro\node_modules\bcrypt\node_modules\bindings is being purged
188 verbose gentlyRm don't care about contents; nuking F:\workspaceforweb\node\moviePro\node_modules\bcrypt\node_modules\bindings
189 silly gentlyRm F:\workspaceforweb\node\moviePro\node_modules\bcrypt\node_modules\nan is being purged from base F:\workspaceforweb\node\moviePro
190 verbose gentlyRm don't care about contents; nuking F:\workspaceforweb\node\moviePro\node_modules\bcrypt\node_modules\nan
191 silly gunzTarPerm modes [ '777', '666' ]
192 verbose tar unpack C:\Users\iibm\AppData\Roaming\npm-cache\nan\1.8.4\package.tgz
193 verbose tar unpacking to F:\workspaceforweb\node\moviePro\node_modules\bcrypt\node_modules\nan
194 silly gentlyRm F:\workspaceforweb\node\moviePro\node_modules\bcrypt\node_modules\nan is being purged
195 verbose gentlyRm don't care about contents; nuking F:\workspaceforweb\node\moviePro\node_modules\bcrypt\node_modules\nan
196 silly gunzTarPerm modes [ '777', '666' ]
197 silly gunzTarPerm extractEntry package.json
198 silly gunzTarPerm modified mode [ 'package.json', 436, 438 ]
199 silly gunzTarPerm extractEntry README.md
200 silly gunzTarPerm modified mode [ 'README.md', 436, 438 ]
201 silly gunzTarPerm extractEntry include_dirs.js
202 silly gunzTarPerm modified mode [ 'include_dirs.js', 436, 438 ]
203 silly gunzTarPerm extractEntry LICENSE.md
204 silly gunzTarPerm modified mode [ 'LICENSE.md', 436, 438 ]
205 silly gunzTarPerm extractEntry .dntrc
206 silly gunzTarPerm modified mode [ '.dntrc', 436, 438 ]
207 silly gunzTarPerm extractEntry appveyor.yml
208 silly gunzTarPerm modified mode [ 'appveyor.yml', 436, 438 ]
209 silly gunzTarPerm extractEntry nan.h
210 silly gunzTarPerm modified mode [ 'nan.h', 436, 438 ]
211 silly gunzTarPerm extractEntry nan_implementation_12_inl.h
212 silly gunzTarPerm modified mode [ 'nan_implementation_12_inl.h', 436, 438 ]
213 silly gunzTarPerm extractEntry nan_implementation_pre_12_inl.h
214 silly gunzTarPerm modified mode [ 'nan_implementation_pre_12_inl.h', 436, 438 ]
215 silly gunzTarPerm extractEntry package.json
216 silly gunzTarPerm modified mode [ 'package.json', 420, 438 ]
217 silly gunzTarPerm extractEntry README.md
218 silly gunzTarPerm modified mode [ 'README.md', 420, 438 ]
219 silly gunzTarPerm extractEntry bindings.js
220 silly gunzTarPerm modified mode [ 'bindings.js', 420, 438 ]
221 silly gunzTarPerm extractEntry nan_new.h
222 silly gunzTarPerm modified mode [ 'nan_new.h', 436, 438 ]
223 silly gunzTarPerm extractEntry nan_string_bytes.h
224 silly gunzTarPerm modified mode [ 'nan_string_bytes.h', 436, 438 ]
225 silly gunzTarPerm extractEntry CHANGELOG.md
226 silly gunzTarPerm modified mode [ 'CHANGELOG.md', 436, 438 ]
227 verbose write writing to F:\workspaceforweb\node\moviePro\node_modules\bcrypt\node_modules\bindings\package.json
228 info preinstall bindings@1.2.1
229 verbose readDependencies loading dependencies from F:\workspaceforweb\node\moviePro\node_modules\bcrypt\node_modules\bindings\package.json
230 verbose readDependencies loading dependencies from F:\workspaceforweb\node\moviePro\node_modules\bcrypt\node_modules\bindings\package.json
231 silly install resolved []
232 verbose about to build F:\workspaceforweb\node\moviePro\node_modules\bcrypt\node_modules\bindings
233 info build F:\workspaceforweb\node\moviePro\node_modules\bcrypt\node_modules\bindings
234 info linkStuff bindings@1.2.1
235 silly linkStuff bindings@1.2.1 has F:\workspaceforweb\node\moviePro\node_modules\bcrypt\node_modules as its parent node_modules
236 verbose linkBins bindings@1.2.1
237 verbose linkMans bindings@1.2.1
238 verbose rebuildBundles bindings@1.2.1
239 info install bindings@1.2.1
240 info postinstall bindings@1.2.1
241 verbose unlock done using C:\Users\iibm\AppData\Roaming\npm-cache\_locks\bindings-4833ef3b99de0683.lock for F:\workspaceforweb\node\moviePro\node_modules\bcrypt\node_modules\bindings
242 verbose write writing to F:\workspaceforweb\node\moviePro\node_modules\bcrypt\node_modules\nan\package.json
243 info preinstall nan@1.8.4
244 verbose readDependencies loading dependencies from F:\workspaceforweb\node\moviePro\node_modules\bcrypt\node_modules\nan\package.json
245 verbose readDependencies loading dependencies from F:\workspaceforweb\node\moviePro\node_modules\bcrypt\node_modules\nan\package.json
246 silly install resolved []
247 verbose about to build F:\workspaceforweb\node\moviePro\node_modules\bcrypt\node_modules\nan
248 info build F:\workspaceforweb\node\moviePro\node_modules\bcrypt\node_modules\nan
249 info linkStuff nan@1.8.4
250 silly linkStuff nan@1.8.4 has F:\workspaceforweb\node\moviePro\node_modules\bcrypt\node_modules as its parent node_modules
251 verbose linkBins nan@1.8.4
252 verbose linkMans nan@1.8.4
253 verbose rebuildBundles nan@1.8.4
254 info install nan@1.8.4
255 info postinstall nan@1.8.4
256 verbose unlock done using C:\Users\iibm\AppData\Roaming\npm-cache\_locks\nan-c0b824f3997e4b6a.lock for F:\workspaceforweb\node\moviePro\node_modules\bcrypt\node_modules\nan
257 verbose about to build F:\workspaceforweb\node\moviePro\node_modules\bcrypt
258 info build F:\workspaceforweb\node\moviePro\node_modules\bcrypt
259 info linkStuff bcrypt@0.8.4
260 silly linkStuff bcrypt@0.8.4 has F:\workspaceforweb\node\moviePro\node_modules as its parent node_modules
261 verbose linkBins bcrypt@0.8.4
262 verbose linkMans bcrypt@0.8.4
263 verbose rebuildBundles bcrypt@0.8.4
264 verbose rebuildBundles [ 'bindings', 'nan' ]
265 info install bcrypt@0.8.4
266 verbose unsafe-perm in lifecycle true
267 info bcrypt@0.8.4 Failed to exec install script
268 verbose unlock done using C:\Users\iibm\AppData\Roaming\npm-cache\_locks\bcrypt-85ebcdfe54fe84a2.lock for F:\workspaceforweb\node\moviePro\node_modules\bcrypt
269 verbose stack Error: bcrypt@0.8.4 install: `node-gyp rebuild`
269 verbose stack Exit status 1
269 verbose stack     at EventEmitter.<anonymous> (E:\nodejs\node_modules\npm\lib\utils\lifecycle.js:213:16)
269 verbose stack     at EventEmitter.emit (events.js:110:17)
269 verbose stack     at ChildProcess.<anonymous> (E:\nodejs\node_modules\npm\lib\utils\spawn.js:24:14)
269 verbose stack     at ChildProcess.emit (events.js:110:17)
269 verbose stack     at maybeClose (child_process.js:1015:16)
269 verbose stack     at Process.ChildProcess._handle.onexit (child_process.js:1087:5)
270 verbose pkgid bcrypt@0.8.4
271 verbose cwd F:\workspaceforweb\node\moviePro
272 error Windows_NT 6.1.7601
273 error argv "E:\\nodejs\\\\node.exe" "E:\\nodejs\\node_modules\\npm\\bin\\npm-cli.js" "install" "bcrypt" "--save"
274 error node v0.12.7
275 error npm  v2.11.3
276 error code ELIFECYCLE
277 error bcrypt@0.8.4 install: `node-gyp rebuild`
277 error Exit status 1
278 error Failed at the bcrypt@0.8.4 install script 'node-gyp rebuild'.
278 error This is most likely a problem with the bcrypt package,
278 error not with npm itself.
278 error Tell the author that this fails on your system:
278 error     node-gyp rebuild
278 error You can get their info via:
278 error     npm owner ls bcrypt
278 error There is likely additional logging output above.
279 verbose exit [ 1, true ]
280 verbose unbuild node_modules\bcrypt
281 info preuninstall bcrypt@0.8.4
282 info uninstall bcrypt@0.8.4
283 verbose unbuild rmStuff bcrypt@0.8.4 from F:\workspaceforweb\node\moviePro\node_modules
284 info postuninstall bcrypt@0.8.4
285 silly gentlyRm F:\workspaceforweb\node\moviePro\node_modules\bcrypt is being purged from base F:\workspaceforweb\node\moviePro
286 verbose gentlyRm don't care about contents; nuking F:\workspaceforweb\node\moviePro\node_modules\bcrypt
287 silly vacuum-fs purging F:\workspaceforweb\node\moviePro\node_modules\bcrypt
288 silly vacuum-fs quitting because other entries in F:\workspaceforweb\node\moviePro\node_modules
